stdio    D C:\LIBS5303Build\allegro5\src\file_stdio.c:109  file_stdio_fopen                 [   0.00000] opening C:\LIBS5303Distro\Allegro522_MinGW5303\bin\examples\allegro5.cfg r
system   D C:\LIBS5303Build\allegro5\src\win\wsystem.c:771  _al_win_safe_load_library        [   0.00000] PathFindOnPath found: C:\WINDOWS\system32\shcore.dll
system   D C:\LIBS5303Build\allegro5\src\win\wsystem.c:682  load_library_at_path             [   0.00000] Calling LoadLibrary C:\WINDOWS\system32\shcore.dll
system   I C:\LIBS5303Build\allegro5\src\win\wsystem.c:685  load_library_at_path             [   0.00000] Loaded C:\WINDOWS\system32\shcore.dll
system   I C:\LIBS5303Build\allegro5\src\system.c:257  al_install_system                [   0.00000] Allegro version: 5.2.3 (GIT)
system   D C:\LIBS5303Build\allegro5\src\win\wsystem.c:771  _al_win_safe_load_library        [   0.00123] PathFindOnPath found: C:\WINDOWS\system32\d3d9.dll
system   D C:\LIBS5303Build\allegro5\src\win\wsystem.c:682  load_library_at_path             [   0.00124] Calling LoadLibrary C:\WINDOWS\system32\d3d9.dll
system   I C:\LIBS5303Build\allegro5\src\win\wsystem.c:685  load_library_at_path             [   0.00310] Loaded C:\WINDOWS\system32\d3d9.dll
d3d      I C:\LIBS5303Build\allegro5\src\win\d3d_disp.cpp:674  d3d_init_display                 [   0.00826] Render-to-texture: 1
d3d      I C:\LIBS5303Build\allegro5\src\win\d3d_disp.cpp:1769 d3d_create_display_locked        [   0.00865] faux_fullscreen=0
d3d      D C:\LIBS5303Build\allegro5\src\win\d3d_disp.cpp:1770 d3d_create_display_locked        [   0.00866] al_display=0103E530
d3d      D C:\LIBS5303Build\allegro5\src\win\d3d_disp.cpp:1771 d3d_create_display_locked        [   0.00866] al_display->vt=0103E478
d3d      I C:\LIBS5303Build\allegro5\src\win\d3d_display_formats.cpp:144  _al_d3d_generate_display_format_list [   0.00893] found 64 format combinations
display  D C:\LIBS5303Build\allegro5\src\display_settings.c:212  debug_display_settings           [   0.00895] color: 32 (rgba 8880), depth: 0, stencil: 0, acc: 0000, samples: 0/0
display  D C:\LIBS5303Build\allegro5\src\display_settings.c:527  _al_score_display_settings       [   0.00896] Score is : 641
display  D C:\LIBS5303Build\allegro5\src\display_settings.c:212  debug_display_settings           [   0.00896] color: 32 (rgba 8880), depth: 0, stencil: 0, acc: 0000, samples: 0/0
display  D C:\LIBS5303Build\allegro5\src\display_settings.c:527  _al_score_display_settings       [   0.00897] Score is : 641
display  D C:\LIBS5303Build\allegro5\src\display_settings.c:212  debug_display_settings           [   0.00897] color: 32 (rgba 8880), depth: 24, stencil: 8, acc: 0000, samples: 0/0
display  D C:\LIBS5303Build\allegro5\src\display_settings.c:527  _al_score_display_settings       [   0.00898] Score is : 641
display  D C:\LIBS5303Build\allegro5\src\display_settings.c:212  debug_display_settings           [   0.00898] color: 32 (rgba 8880), depth: 24, stencil: 8, acc: 0000, samples: 0/0
display  D C:\LIBS5303Build\allegro5\src\display_settings.c:527  _al_score_display_settings       [   0.00899] Score is : 641
display  D C:\LIBS5303Build\allegro5\src\display_settings.c:212  debug_display_settings           [   0.00899] color: 32 (rgba 8880), depth: 24, stencil: 0, acc: 0000, samples: 0/0
display  D C:\LIBS5303Build\allegro5\src\display_settings.c:527  _al_score_display_settings       [   0.00900] Score is : 641
display  D C:\LIBS5303Build\allegro5\src\display_settings.c:212  debug_display_settings           [   0.00900] color: 32 (rgba 8880), depth: 24, stencil: 0, acc: 0000, samples: 0/0
display  D C:\LIBS5303Build\allegro5\src\display_settings.c:527  _al_score_display_settings       [   0.00901] Score is : 641
display  D C:\LIBS5303Build\allegro5\src\display_settings.c:212  debug_display_settings           [   0.00902] color: 32 (rgba 8880), depth: 16, stencil: 0, acc: 0000, samples: 0/0
display  D C:\LIBS5303Build\allegro5\src\display_settings.c:527  _al_score_display_settings       [   0.00902] Score is : 641
display  D C:\LIBS5303Build\allegro5\src\display_settings.c:212  debug_display_settings           [   0.00903] color: 32 (rgba 8880), depth: 16, stencil: 0, acc: 0000, samples: 0/0
display  D C:\LIBS5303Build\allegro5\src\display_settings.c:527  _al_score_display_settings       [   0.00904] Score is : 641
display  D C:\LIBS5303Build\allegro5\src\display_settings.c:212  debug_display_settings           [   0.00904] color: 16 (rgba 5650), depth: 0, stencil: 0, acc: 0000, samples: 0/0
display  D C:\LIBS5303Build\allegro5\src\display_settings.c:527  _al_score_display_settings       [   0.00905] Score is : 641
display  D C:\LIBS5303Build\allegro5\src\display_settings.c:212  debug_display_settings           [   0.00905] color: 16 (rgba 5650), depth: 0, stencil: 0, acc: 0000, samples: 0/0
display  D C:\LIBS5303Build\allegro5\src\display_settings.c:527  _al_score_display_settings       [   0.00906] Score is : 641
display  D C:\LIBS5303Build\allegro5\src\display_settings.c:212  debug_display_settings           [   0.00906] color: 16 (rgba 5650), depth: 24, stencil: 8, acc: 0000, samples: 0/0
display  D C:\LIBS5303Build\allegro5\src\display_settings.c:527  _al_score_display_settings       [   0.00907] Score is : 641
display  D C:\LIBS5303Build\allegro5\src\display_settings.c:212  debug_display_settings           [   0.00907] color: 16 (rgba 5650), depth: 24, stencil: 8, acc: 0000, samples: 0/0
display  D C:\LIBS5303Build\allegro5\src\display_settings.c:527  _al_score_display_settings       [   0.00908] Score is : 641
display  D C:\LIBS5303Build\allegro5\src\display_settings.c:212  debug_display_settings           [   0.00908] color: 16 (rgba 5650), depth: 24, stencil: 0, acc: 0000, samples: 0/0
display  D C:\LIBS5303Build\allegro5\src\display_settings.c:527  _al_score_display_settings       [   0.00909] Score is : 641
display  D C:\LIBS5303Build\allegro5\src\display_settings.c:212  debug_display_settings           [   0.00909] color: 16 (rgba 5650), depth: 24, stencil: 0, acc: 0000, samples: 0/0
display  D C:\LIBS5303Build\allegro5\src\display_settings.c:527  _al_score_display_settings       [   0.00910] Score is : 641
display  D C:\LIBS5303Build\allegro5\src\display_settings.c:212  debug_display_settings           [   0.00910] color: 16 (rgba 5650), depth: 16, stencil: 0, acc: 0000, samples: 0/0
display  D C:\LIBS5303Build\allegro5\src\display_settings.c:527  _al_score_display_settings       [   0.00911] Score is : 641
display  D C:\LIBS5303Build\allegro5\src\display_settings.c:212  debug_display_settings           [   0.00911] color: 16 (rgba 5650), depth: 16, stencil: 0, acc: 0000, samples: 0/0
display  D C:\LIBS5303Build\allegro5\src\display_settings.c:527  _al_score_display_settings       [   0.00912] Score is : 641
display  D C:\LIBS5303Build\allegro5\src\display_settings.c:212  debug_display_settings           [   0.00912] color: 32 (rgba 8880), depth: 0, stencil: 0, acc: 0000, samples: 0/0
display  D C:\LIBS5303Build\allegro5\src\display_settings.c:398  _al_score_display_settings       [   0.00913] Single Buffer requirement not met.
display  D C:\LIBS5303Build\allegro5\src\display_settings.c:212  debug_display_settings           [   0.00913] color: 32 (rgba 8880), depth: 0, stencil: 0, acc: 0000, samples: 0/0
display  D C:\LIBS5303Build\allegro5\src\display_settings.c:398  _al_score_display_settings       [   0.00914] Single Buffer requirement not met.
display  D C:\LIBS5303Build\allegro5\src\display_settings.c:212  debug_display_settings           [   0.00914] color: 32 (rgba 8880), depth: 24, stencil: 8, acc: 0000, samples: 0/0
display  D C:\LIBS5303Build\allegro5\src\display_settings.c:398  _al_score_display_settings       [   0.00915] Single Buffer requirement not met.
display  D C:\LIBS5303Build\allegro5\src\display_settings.c:212  debug_display_settings           [   0.00915] color: 32 (rgba 8880), depth: 24, stencil: 8, acc: 0000, samples: 0/0
display  D C:\LIBS5303Build\allegro5\src\display_settings.c:398  _al_score_display_settings       [   0.00916] Single Buffer requirement not met.
display  D C:\LIBS5303Build\allegro5\src\display_settings.c:212  debug_display_settings           [   0.00916] color: 32 (rgba 8880), depth: 24, stencil: 0, acc: 0000, samples: 0/0
display  D C:\LIBS5303Build\allegro5\src\display_settings.c:398  _al_score_display_settings       [   0.00917] Single Buffer requirement not met.
display  D C:\LIBS5303Build\allegro5\src\display_settings.c:212  debug_display_settings           [   0.00918] color: 32 (rgba 8880), depth: 24, stencil: 0, acc: 0000, samples: 0/0
display  D C:\LIBS5303Build\allegro5\src\display_settings.c:398  _al_score_display_settings       [   0.00918] Single Buffer requirement not met.
display  D C:\LIBS5303Build\allegro5\src\display_settings.c:212  debug_display_settings           [   0.00919] color: 32 (rgba 8880), depth: 16, stencil: 0, acc: 0000, samples: 0/0
display  D C:\LIBS5303Build\allegro5\src\display_settings.c:398  _al_score_display_settings       [   0.00919] Single Buffer requirement not met.
display  D C:\LIBS5303Build\allegro5\src\display_settings.c:212  debug_display_settings           [   0.00920] color: 32 (rgba 8880), depth: 16, stencil: 0, acc: 0000, samples: 0/0
display  D C:\LIBS5303Build\allegro5\src\display_settings.c:398  _al_score_display_settings       [   0.00920] Single Buffer requirement not met.
display  D C:\LIBS5303Build\allegro5\src\display_settings.c:212  debug_display_settings           [   0.00921] color: 16 (rgba 5650), depth: 0, stencil: 0, acc: 0000, samples: 0/0
display  D C:\LIBS5303Build\allegro5\src\display_settings.c:398  _al_score_display_settings       [   0.00921] Single Buffer requirement not met.
display  D C:\LIBS5303Build\allegro5\src\display_settings.c:212  debug_display_settings           [   0.00922] color: 16 (rgba 5650), depth: 0, stencil: 0, acc: 0000, samples: 0/0
display  D C:\LIBS5303Build\allegro5\src\display_settings.c:398  _al_score_display_settings       [   0.00922] Single Buffer requirement not met.
display  D C:\LIBS5303Build\allegro5\src\display_settings.c:212  debug_display_settings           [   0.00923] color: 16 (rgba 5650), depth: 24, stencil: 8, acc: 0000, samples: 0/0
display  D C:\LIBS5303Build\allegro5\src\display_settings.c:398  _al_score_display_settings       [   0.00923] Single Buffer requirement not met.
display  D C:\LIBS5303Build\allegro5\src\display_settings.c:212  debug_display_settings           [   0.00924] color: 16 (rgba 5650), depth: 24, stencil: 8, acc: 0000, samples: 0/0
display  D C:\LIBS5303Build\allegro5\src\display_settings.c:398  _al_score_display_settings       [   0.00924] Single Buffer requirement not met.
display  D C:\LIBS5303Build\allegro5\src\display_settings.c:212  debug_display_settings           [   0.00925] color: 16 (rgba 5650), depth: 24, stencil: 0, acc: 0000, samples: 0/0
display  D C:\LIBS5303Build\allegro5\src\display_settings.c:398  _al_score_display_settings       [   0.00925] Single Buffer requirement not met.
display  D C:\LIBS5303Build\allegro5\src\display_settings.c:212  debug_display_settings           [   0.00926] color: 16 (rgba 5650), depth: 24, stencil: 0, acc: 0000, samples: 0/0
display  D C:\LIBS5303Build\allegro5\src\display_settings.c:398  _al_score_display_settings       [   0.00927] Single Buffer requirement not met.
display  D C:\LIBS5303Build\allegro5\src\display_settings.c:212  debug_display_settings           [   0.00927] color: 16 (rgba 5650), depth: 16, stencil: 0, acc: 0000, samples: 0/0
display  D C:\LIBS5303Build\allegro5\src\display_settings.c:398  _al_score_display_settings       [   0.00928] Single Buffer requirement not met.
display  D C:\LIBS5303Build\allegro5\src\display_settings.c:212  debug_display_settings           [   0.00928] color: 16 (rgba 5650), depth: 16, stencil: 0, acc: 0000, samples: 0/0
display  D C:\LIBS5303Build\allegro5\src\display_settings.c:398  _al_score_display_settings       [   0.00929] Single Buffer requirement not met.
display  D C:\LIBS5303Build\allegro5\src\display_settings.c:212  debug_display_settings           [   0.00929] color: 32 (rgba 8880), depth: 0, stencil: 0, acc: 0000, samples: 0/0
display  D C:\LIBS5303Build\allegro5\src\display_settings.c:527  _al_score_display_settings       [   0.00930] Score is : 513
display  D C:\LIBS5303Build\allegro5\src\display_settings.c:212  debug_display_settings           [   0.00930] color: 32 (rgba 8880), depth: 0, stencil: 0, acc: 0000, samples: 0/0
display  D C:\LIBS5303Build\allegro5\src\display_settings.c:527  _al_score_display_settings       [   0.00931] Score is : 513
display  D C:\LIBS5303Build\allegro5\src\display_settings.c:212  debug_display_settings           [   0.00931] color: 32 (rgba 8880), depth: 24, stencil: 8, acc: 0000, samples: 0/0
display  D C:\LIBS5303Build\allegro5\src\display_settings.c:527  _al_score_display_settings       [   0.00932] Score is : 513
display  D C:\LIBS5303Build\allegro5\src\display_settings.c:212  debug_display_settings           [   0.00932] color: 32 (rgba 8880), depth: 24, stencil: 8, acc: 0000, samples: 0/0
display  D C:\LIBS5303Build\allegro5\src\display_settings.c:527  _al_score_display_settings       [   0.00933] Score is : 513
display  D C:\LIBS5303Build\allegro5\src\display_settings.c:212  debug_display_settings           [   0.00933] color: 32 (rgba 8880), depth: 24, stencil: 0, acc: 0000, samples: 0/0
display  D C:\LIBS5303Build\allegro5\src\display_settings.c:527  _al_score_display_settings       [   0.00934] Score is : 513
display  D C:\LIBS5303Build\allegro5\src\display_settings.c:212  debug_display_settings           [   0.00934] color: 32 (rgba 8880), depth: 24, stencil: 0, acc: 0000, samples: 0/0
display  D C:\LIBS5303Build\allegro5\src\display_settings.c:527  _al_score_display_settings       [   0.00935] Score is : 513
display  D C:\LIBS5303Build\allegro5\src\display_settings.c:212  debug_display_settings           [   0.00935] color: 32 (rgba 8880), depth: 16, stencil: 0, acc: 0000, samples: 0/0
display  D C:\LIBS5303Build\allegro5\src\display_settings.c:527  _al_score_display_settings       [   0.00936] Score is : 513
display  D C:\LIBS5303Build\allegro5\src\display_settings.c:212  debug_display_settings           [   0.00936] color: 32 (rgba 8880), depth: 16, stencil: 0, acc: 0000, samples: 0/0
display  D C:\LIBS5303Build\allegro5\src\display_settings.c:527  _al_score_display_settings       [   0.00937] Score is : 513
display  D C:\LIBS5303Build\allegro5\src\display_settings.c:212  debug_display_settings           [   0.00937] color: 16 (rgba 5650), depth: 0, stencil: 0, acc: 0000, samples: 0/0
display  D C:\LIBS5303Build\allegro5\src\display_settings.c:527  _al_score_display_settings       [   0.00938] Score is : 513
display  D C:\LIBS5303Build\allegro5\src\display_settings.c:212  debug_display_settings           [   0.00938] color: 16 (rgba 5650), depth: 0, stencil: 0, acc: 0000, samples: 0/0
display  D C:\LIBS5303Build\allegro5\src\display_settings.c:527  _al_score_display_settings       [   0.00939] Score is : 513
display  D C:\LIBS5303Build\allegro5\src\display_settings.c:212  debug_display_settings           [   0.00939] color: 16 (rgba 5650), depth: 24, stencil: 8, acc: 0000, samples: 0/0
display  D C:\LIBS5303Build\allegro5\src\display_settings.c:527  _al_score_display_settings       [   0.00940] Score is : 513
display  D C:\LIBS5303Build\allegro5\src\display_settings.c:212  debug_display_settings           [   0.00940] color: 16 (rgba 5650), depth: 24, stencil: 8, acc: 0000, samples: 0/0
display  D C:\LIBS5303Build\allegro5\src\display_settings.c:527  _al_score_display_settings       [   0.00941] Score is : 513
display  D C:\LIBS5303Build\allegro5\src\display_settings.c:212  debug_display_settings           [   0.00942] color: 16 (rgba 5650), depth: 24, stencil: 0, acc: 0000, samples: 0/0
display  D C:\LIBS5303Build\allegro5\src\display_settings.c:527  _al_score_display_settings       [   0.00942] Score is : 513
display  D C:\LIBS5303Build\allegro5\src\display_settings.c:212  debug_display_settings           [   0.00943] color: 16 (rgba 5650), depth: 24, stencil: 0, acc: 0000, samples: 0/0
display  D C:\LIBS5303Build\allegro5\src\display_settings.c:527  _al_score_display_settings       [   0.00943] Score is : 513
display  D C:\LIBS5303Build\allegro5\src\display_settings.c:212  debug_display_settings           [   0.00944] color: 16 (rgba 5650), depth: 16, stencil: 0, acc: 0000, samples: 0/0
display  D C:\LIBS5303Build\allegro5\src\display_settings.c:527  _al_score_display_settings       [   0.00944] Score is : 513
display  D C:\LIBS5303Build\allegro5\src\display_settings.c:212  debug_display_settings           [   0.00945] color: 16 (rgba 5650), depth: 16, stencil: 0, acc: 0000, samples: 0/0
display  D C:\LIBS5303Build\allegro5\src\display_settings.c:527  _al_score_display_settings       [   0.00945] Score is : 513
display  D C:\LIBS5303Build\allegro5\src\display_settings.c:212  debug_display_settings           [   0.00946] color: 32 (rgba 8880), depth: 0, stencil: 0, acc: 0000, samples: 0/0
display  D C:\LIBS5303Build\allegro5\src\display_settings.c:398  _al_score_display_settings       [   0.00946] Single Buffer requirement not met.
display  D C:\LIBS5303Build\allegro5\src\display_settings.c:212  debug_display_settings           [   0.00947] color: 32 (rgba 8880), depth: 0, stencil: 0, acc: 0000, samples: 0/0
display  D C:\LIBS5303Build\allegro5\src\display_settings.c:398  _al_score_display_settings       [   0.00947] Single Buffer requirement not met.
display  D C:\LIBS5303Build\allegro5\src\display_settings.c:212  debug_display_settings           [   0.00948] color: 32 (rgba 8880), depth: 24, stencil: 8, acc: 0000, samples: 0/0
display  D C:\LIBS5303Build\allegro5\src\display_settings.c:398  _al_score_display_settings       [   0.00948] Single Buffer requirement not met.
display  D C:\LIBS5303Build\allegro5\src\display_settings.c:212  debug_display_settings           [   0.00949] color: 32 (rgba 8880), depth: 24, stencil: 8, acc: 0000, samples: 0/0
display  D C:\LIBS5303Build\allegro5\src\display_settings.c:398  _al_score_display_settings       [   0.00949] Single Buffer requirement not met.
display  D C:\LIBS5303Build\allegro5\src\display_settings.c:212  debug_display_settings           [   0.00950] color: 32 (rgba 8880), depth: 24, stencil: 0, acc: 0000, samples: 0/0
display  D C:\LIBS5303Build\allegro5\src\display_settings.c:398  _al_score_display_settings       [   0.00950] Single Buffer requirement not met.
display  D C:\LIBS5303Build\allegro5\src\display_settings.c:212  debug_display_settings           [   0.00951] color: 32 (rgba 8880), depth: 24, stencil: 0, acc: 0000, samples: 0/0
display  D C:\LIBS5303Build\allegro5\src\display_settings.c:398  _al_score_display_settings       [   0.00952] Single Buffer requirement not met.
display  D C:\LIBS5303Build\allegro5\src\display_settings.c:212  debug_display_settings           [   0.00952] color: 32 (rgba 8880), depth: 16, stencil: 0, acc: 0000, samples: 0/0
display  D C:\LIBS5303Build\allegro5\src\display_settings.c:398  _al_score_display_settings       [   0.00953] Single Buffer requirement not met.
display  D C:\LIBS5303Build\allegro5\src\display_settings.c:212  debug_display_settings           [   0.00953] color: 32 (rgba 8880), depth: 16, stencil: 0, acc: 0000, samples: 0/0
display  D C:\LIBS5303Build\allegro5\src\display_settings.c:398  _al_score_display_settings       [   0.00954] Single Buffer requirement not met.
display  D C:\LIBS5303Build\allegro5\src\display_settings.c:212  debug_display_settings           [   0.00954] color: 16 (rgba 5650), depth: 0, stencil: 0, acc: 0000, samples: 0/0
display  D C:\LIBS5303Build\allegro5\src\display_settings.c:398  _al_score_display_settings       [   0.00955] Single Buffer requirement not met.
display  D C:\LIBS5303Build\allegro5\src\display_settings.c:212  debug_display_settings           [   0.00955] color: 16 (rgba 5650), depth: 0, stencil: 0, acc: 0000, samples: 0/0
display  D C:\LIBS5303Build\allegro5\src\display_settings.c:398  _al_score_display_settings       [   0.00956] Single Buffer requirement not met.
display  D C:\LIBS5303Build\allegro5\src\display_settings.c:212  debug_display_settings           [   0.00956] color: 16 (rgba 5650), depth: 24, stencil: 8, acc: 0000, samples: 0/0
display  D C:\LIBS5303Build\allegro5\src\display_settings.c:398  _al_score_display_settings       [   0.00957] Single Buffer requirement not met.
display  D C:\LIBS5303Build\allegro5\src\display_settings.c:212  debug_display_settings           [   0.00957] color: 16 (rgba 5650), depth: 24, stencil: 8, acc: 0000, samples: 0/0
display  D C:\LIBS5303Build\allegro5\src\display_settings.c:398  _al_score_display_settings       [   0.00958] Single Buffer requirement not met.
display  D C:\LIBS5303Build\allegro5\src\display_settings.c:212  debug_display_settings           [   0.00958] color: 16 (rgba 5650), depth: 24, stencil: 0, acc: 0000, samples: 0/0
display  D C:\LIBS5303Build\allegro5\src\display_settings.c:398  _al_score_display_settings       [   0.00959] Single Buffer requirement not met.
display  D C:\LIBS5303Build\allegro5\src\display_settings.c:212  debug_display_settings           [   0.00959] color: 16 (rgba 5650), depth: 24, stencil: 0, acc: 0000, samples: 0/0
display  D C:\LIBS5303Build\allegro5\src\display_settings.c:398  _al_score_display_settings       [   0.00960] Single Buffer requirement not met.
display  D C:\LIBS5303Build\allegro5\src\display_settings.c:212  debug_display_settings           [   0.00960] color: 16 (rgba 5650), depth: 16, stencil: 0, acc: 0000, samples: 0/0
display  D C:\LIBS5303Build\allegro5\src\display_settings.c:398  _al_score_display_settings       [   0.00961] Single Buffer requirement not met.
display  D C:\LIBS5303Build\allegro5\src\display_settings.c:212  debug_display_settings           [   0.00962] color: 16 (rgba 5650), depth: 16, stencil: 0, acc: 0000, samples: 0/0
display  D C:\LIBS5303Build\allegro5\src\display_settings.c:398  _al_score_display_settings       [   0.00962] Single Buffer requirement not met.
d3d      D C:\LIBS5303Build\allegro5\src\win\d3d_disp.cpp:1669 d3d_create_display_internals     [   0.00963] Trying format 0.
d3d      I C:\LIBS5303Build\allegro5\src\win\d3d_disp.cpp:1344 d3d_display_thread_proc          [   0.00973] Chose a display format: 23
d3d      I C:\LIBS5303Build\allegro5\src\win\d3d_disp.cpp:1413 d3d_display_thread_proc          [   0.00975] Normal window.
d3d      I C:\LIBS5303Build\allegro5\src\win\d3d_disp.cpp:781  d3d_create_device                [   0.01739] Using no depth stencil buffer
d3d      D C:\LIBS5303Build\allegro5\src\win\d3d_disp.cpp:839  d3d_create_device                [   0.02242] BeginScene succeeded in create_device
d3d      D C:\LIBS5303Build\allegro5\src\win\d3d_disp.cpp:847  d3d_create_device                [   0.02244] Success
d3d      D C:\LIBS5303Build\allegro5\src\win\d3d_disp.cpp:1692 d3d_create_display_internals     [   0.02247] Resumed after wait.
d3d      I C:\LIBS5303Build\allegro5\src\win\d3d_disp.cpp:1725 d3d_create_display_internals     [   0.02249] Format 0 succeeded.
d3d      D C:\LIBS5303Build\allegro5\src\win\d3d_disp.cpp:1756 d3d_create_display_internals     [   0.02250] Returning d3d_display: 0103E530
d3d      D C:\LIBS5303Build\allegro5\src\win\d3d_disp.cpp:1781 d3d_create_display_locked        [   0.02251] al_display=0103E530
d3d      D C:\LIBS5303Build\allegro5\src\win\d3d_disp.cpp:1782 d3d_create_display_locked        [   0.02251] al_display->vt=0103E478
system   D C:\LIBS5303Build\allegro5\src\win\wsystem.c:771  _al_win_safe_load_library        [   0.02271] PathFindOnPath found: C:\WINDOWS\system32\d3dx9_43.dll
system   D C:\LIBS5303Build\allegro5\src\win\wsystem.c:682  load_library_at_path             [   0.02272] Calling LoadLibrary C:\WINDOWS\system32\d3dx9_43.dll
system   I C:\LIBS5303Build\allegro5\src\win\wsystem.c:685  load_library_at_path             [   0.02302] Loaded C:\WINDOWS\system32\d3dx9_43.dll
d3dx9    I C:\LIBS5303Build\allegro5\src\win\d3d_d3dx9.cpp:88   _imp_load_d3dx9_module_version   [   0.02304] Module "d3dx9_43.dll" loaded.
shader   D C:\LIBS5303Build\allegro5\src\shader.c:169  al_use_shader                    [   0.04105] use_shader succeeded
stdio    D C:\LIBS5303Build\allegro5\src\file_stdio.c:109  file_stdio_fopen                 [   0.04109] opening data/mysha.pcx rb
d3d      D C:\LIBS5303Build\allegro5\src\win\d3d_disp.cpp:1188 real_choose_bitmap_format        [   0.04378] Fake format
d3d      D C:\LIBS5303Build\allegro5\src\win\d3d_disp.cpp:1188 real_choose_bitmap_format        [   0.04380] Fake format
d3d      D C:\LIBS5303Build\allegro5\src\win\d3d_disp.cpp:1188 real_choose_bitmap_format        [   0.04380] Fake format
d3d      D C:\LIBS5303Build\allegro5\src\win\d3d_disp.cpp:1188 real_choose_bitmap_format        [   0.04381] Fake format
d3d      D C:\LIBS5303Build\allegro5\src\win\d3d_disp.cpp:1188 real_choose_bitmap_format        [   0.04381] Fake format
d3d      D C:\LIBS5303Build\allegro5\src\win\d3d_disp.cpp:1188 real_choose_bitmap_format        [   0.04381] Fake format
d3d      D C:\LIBS5303Build\allegro5\src\win\d3d_disp.cpp:1188 real_choose_bitmap_format        [   0.04382] Fake format
d3d      D C:\LIBS5303Build\allegro5\src\win\d3d_disp.cpp:1188 real_choose_bitmap_format        [   0.04382] Fake format
d3d      D C:\LIBS5303Build\allegro5\src\win\d3d_disp.cpp:1188 real_choose_bitmap_format        [   0.04383] Fake format
d3d      D C:\LIBS5303Build\allegro5\src\win\d3d_disp.cpp:1196 real_choose_bitmap_format        [   0.04383] Alpha doesn't match
d3d      D C:\LIBS5303Build\allegro5\src\win\d3d_disp.cpp:1203 real_choose_bitmap_format        [   0.04384] Adapter format is 23
d3d      D C:\LIBS5303Build\allegro5\src\win\d3d_disp.cpp:1206 real_choose_bitmap_format        [   0.04384] Found a format
d3d      I C:\LIBS5303Build\allegro5\src\win\d3d_disp.cpp:2378 d3d_create_bitmap                [   0.04385] Chose bitmap format 9
dtor     D C:\LIBS5303Build\allegro5\src\dtor.c:196  _al_register_destructor          [   0.04402] added dtor for bitmap 026E9B88, func 677819CB
stdio    D C:\LIBS5303Build\allegro5\src\file_stdio.c:109  file_stdio_fopen                 [   0.04907] opening data/obp.jpg rb
d3d      D C:\LIBS5303Build\allegro5\src\win\d3d_disp.cpp:1188 real_choose_bitmap_format        [   0.05348] Fake format
d3d      D C:\LIBS5303Build\allegro5\src\win\d3d_disp.cpp:1188 real_choose_bitmap_format        [   0.05349] Fake format
d3d      D C:\LIBS5303Build\allegro5\src\win\d3d_disp.cpp:1188 real_choose_bitmap_format        [   0.05349] Fake format
d3d      D C:\LIBS5303Build\allegro5\src\win\d3d_disp.cpp:1188 real_choose_bitmap_format        [   0.05350] Fake format
d3d      D C:\LIBS5303Build\allegro5\src\win\d3d_disp.cpp:1188 real_choose_bitmap_format        [   0.05350] Fake format
d3d      D C:\LIBS5303Build\allegro5\src\win\d3d_disp.cpp:1188 real_choose_bitmap_format        [   0.05351] Fake format
d3d      D C:\LIBS5303Build\allegro5\src\win\d3d_disp.cpp:1188 real_choose_bitmap_format        [   0.05351] Fake format
d3d      D C:\LIBS5303Build\allegro5\src\win\d3d_disp.cpp:1188 real_choose_bitmap_format        [   0.05352] Fake format
d3d      D C:\LIBS5303Build\allegro5\src\win\d3d_disp.cpp:1188 real_choose_bitmap_format        [   0.05352] Fake format
d3d      D C:\LIBS5303Build\allegro5\src\win\d3d_disp.cpp:1196 real_choose_bitmap_format        [   0.05352] Alpha doesn't match
d3d      D C:\LIBS5303Build\allegro5\src\win\d3d_disp.cpp:1203 real_choose_bitmap_format        [   0.05353] Adapter format is 23
d3d      D C:\LIBS5303Build\allegro5\src\win\d3d_disp.cpp:1206 real_choose_bitmap_format        [   0.05353] Found a format
d3d      I C:\LIBS5303Build\allegro5\src\win\d3d_disp.cpp:2378 d3d_create_bitmap                [   0.05354] Chose bitmap format 9
dtor     D C:\LIBS5303Build\allegro5\src\dtor.c:196  _al_register_destructor          [   0.05364] added dtor for bitmap 0272B298, func 677819CB
dtor     D C:\LIBS5303Build\allegro5\src\dtor.c:196  _al_register_destructor          [   0.05852] added dtor for shader 026E5198, func 677B2F8F
stdio    D C:\LIBS5303Build\allegro5\src\file_stdio.c:109  file_stdio_fopen                 [   0.06650] opening data/ex_shader_multitex_pixel.hlsl r
shader   D C:\LIBS5303Build\allegro5\src\shader.c:169  al_use_shader                    [   0.08037] use_shader succeeded
dtor     D C:\LIBS5303Build\allegro5\src\dtor.c:196  _al_register_destructor          [   0.08040] added dtor for timer 026E19C8, func 677B5988
dtor     D C:\LIBS5303Build\allegro5\src\dtor.c:196  _al_register_destructor          [   0.08041] added dtor for queue 026E62C0, func 677A5297
d3d      D C:\LIBS5303Build\allegro5\src\win\d3d_bmp.cpp:539  _al_d3d_sync_bitmap              [   0.11450] _al_d3d_sync_bitmap (system) ref count == 1
d3d      D C:\LIBS5303Build\allegro5\src\win\d3d_bmp.cpp:545  _al_d3d_sync_bitmap              [   0.11454] _al_d3d_sync_bitmap (video) ref count == 1
d3d      D C:\LIBS5303Build\allegro5\src\win\d3d_bmp.cpp:539  _al_d3d_sync_bitmap              [   0.11507] _al_d3d_sync_bitmap (system) ref count == 1
d3d      D C:\LIBS5303Build\allegro5\src\win\d3d_bmp.cpp:545  _al_d3d_sync_bitmap              [   0.11509] _al_d3d_sync_bitmap (video) ref count == 2
dtor     D C:\LIBS5303Build\allegro5\src\dtor.c:227  _al_unregister_destructor        [  32.31507] removed dtor for bitmap 026E9B88
dtor     D C:\LIBS5303Build\allegro5\src\dtor.c:227  _al_unregister_destructor        [  32.31541] removed dtor for bitmap 0272B298
d3d      W C:\LIBS5303Build\allegro5\src\win\d3d_disp.cpp:2421 _al_d3d_destroy_bitmap           [  32.31545] d3d_destroy_bitmap: Release video texture failed.
dtor     D C:\LIBS5303Build\allegro5\src\dtor.c:227  _al_unregister_destructor        [  32.31592] removed dtor for shader 026E5198
dtor     D C:\LIBS5303Build\allegro5\src\dtor.c:116  _al_run_destructors              [  32.31625] calling dtor for queue 026E62C0, func 677A5297
dtor     D C:\LIBS5303Build\allegro5\src\dtor.c:227  _al_unregister_destructor        [  32.31628] removed dtor for queue 026E62C0
dtor     D C:\LIBS5303Build\allegro5\src\dtor.c:116  _al_run_destructors              [  32.31631] calling dtor for timer 026E19C8, func 677B5988
dtor     D C:\LIBS5303Build\allegro5\src\dtor.c:227  _al_unregister_destructor        [  32.31634] removed dtor for timer 026E19C8
d3d      I C:\LIBS5303Build\allegro5\src\win\d3d_disp.cpp:901  d3d_destroy_display              [  32.33129] destroying display 0103E530 (current 00000000)
d3d      D C:\LIBS5303Build\allegro5\src\win\d3d_disp.cpp:885  d3d_destroy_display_internals    [  32.33398] waiting for display 0103E530's thread to end
d3d      W C:\LIBS5303Build\allegro5\src\win\d3d_disp.cpp:595  d3d_destroy_device               [  32.34788] d3d_destroy_device: ref count not 0
d3d      W C:\LIBS5303Build\allegro5\src\win\d3d_disp.cpp:595  d3d_destroy_device               [  32.34801] d3d_destroy_device: ref count not 0
d3d      W C:\LIBS5303Build\allegro5\src\win\d3d_disp.cpp:595  d3d_destroy_device               [  32.34805] d3d_destroy_device: ref count not 0
d3d      W C:\LIBS5303Build\allegro5\src\win\d3d_disp.cpp:595  d3d_destroy_device               [  32.34808] d3d_destroy_device: ref count not 0
d3d      W C:\LIBS5303Build\allegro5\src\win\d3d_disp.cpp:595  d3d_destroy_device               [  32.34810] d3d_destroy_device: ref count not 0
d3d      W C:\LIBS5303Build\allegro5\src\win\d3d_disp.cpp:595  d3d_destroy_device               [  32.34812] d3d_destroy_device: ref count not 0
d3d      W C:\LIBS5303Build\allegro5\src\win\d3d_disp.cpp:595  d3d_destroy_device               [  32.34814] d3d_destroy_device: ref count not 0
d3d      W C:\LIBS5303Build\allegro5\src\win\d3d_disp.cpp:595  d3d_destroy_device               [  32.34816] d3d_destroy_device: ref count not 0
d3d      W C:\LIBS5303Build\allegro5\src\win\d3d_disp.cpp:595  d3d_destroy_device               [  32.34818] d3d_destroy_device: ref count not 0
d3d      W C:\LIBS5303Build\allegro5\src\win\d3d_disp.cpp:595  d3d_destroy_device               [  32.34820] d3d_destroy_device: ref count not 0
d3d      W C:\LIBS5303Build\allegro5\src\win\d3d_disp.cpp:595  d3d_destroy_device               [  32.34822] d3d_destroy_device: ref count not 0
d3d      W C:\LIBS5303Build\allegro5\src\win\d3d_disp.cpp:595  d3d_destroy_device               [  32.34824] d3d_destroy_device: ref count not 0
d3d      W C:\LIBS5303Build\allegro5\src\win\d3d_disp.cpp:595  d3d_destroy_device               [  32.34827] d3d_destroy_device: ref count not 0
d3d      W C:\LIBS5303Build\allegro5\src\win\d3d_disp.cpp:595  d3d_destroy_device               [  32.34829] d3d_destroy_device: ref count not 0
d3d      W C:\LIBS5303Build\allegro5\src\win\d3d_disp.cpp:595  d3d_destroy_device               [  32.34831] d3d_destroy_device: ref count not 0
d3d      W C:\LIBS5303Build\allegro5\src\win\d3d_disp.cpp:595  d3d_destroy_device               [  32.34833] d3d_destroy_device: ref count not 0
d3d      W C:\LIBS5303Build\allegro5\src\win\d3d_disp.cpp:595  d3d_destroy_device               [  32.34835] d3d_destroy_device: ref count not 0
d3d      W C:\LIBS5303Build\allegro5\src\win\d3d_disp.cpp:595  d3d_destroy_device               [  32.34837] d3d_destroy_device: ref count not 0
d3d      W C:\LIBS5303Build\allegro5\src\win\d3d_disp.cpp:595  d3d_destroy_device               [  32.34839] d3d_destroy_device: ref count not 0
d3d      I C:\LIBS5303Build\allegro5\src\win\d3d_disp.cpp:1549 d3d_display_thread_proc          [  32.35852] d3d display thread exits
